<?xml version="1.0" encoding="UTF-8"?>
<persistence xmlns="http://xmlns.jcp.org/xml/ns/persistence"
             xmlns:xsi="http://www.w3.org/2001/XMLSchema-instance"
             xsi:schemaLocation="http://xmlns.jcp.org/xml/ns/persistence
             http://xmlns.jcp.org/xml/ns/persistence/persistence_2_1.xsd"
             version="2.1">
          <!-- <provider>org.eclipse.persistence.jpa.PersistenceProvider</provider> --> 
  <persistence-unit name="Conexion">

   <!-- <provider>org.hibernate.jpa.HibernatePersistenceProvider</provider>  -->
    <!--  <provider>org.hibernate.ejb.HibernatePersistence</provider>  -->
     
       	<class>negocio.TipoRecurso</class>
      	<class>negocio.Recurso</class>

       <properties>
       
         	<property name="hibernate.connection.url" value="jdbc:postgresql://localhost/postgres" />
			<property name="hibernate.connection.driver_class" value="org.postgresql.Driver" />
			<property name="hibernate.connection.username" value="postgres" />
			<property name="hibernate.connection.password" value="user" />

			
			<property name="hibernate.dialect" value="org.hibernate.dialect.PostgreSQLDialect" />


	    	<!--<property name="hibernate.dialect" value="org.hibernate.dialect.PostgreSQLDialect"/>  DB Dialect -->
            <property name="hibernate.hbm2ddl.auto" value="create-drop" /> <!-- create / create-drop / update -->
          <!-- usar create la primera vez, luego cambiar a update-->
         <!--   <property name="hibernate.show_sql" value="false" />  Show SQL in console -->
          <!--    <property name="hibernate.format_sql" value="false" />  Show SQL formatted -->
        </properties>
       
        

   </persistence-unit>
</persistence>
